---- light / ericw-tools v0.18.1 ----
Raytracing backend: Embree
running with 6 threads
LoadBSPFile: 'miniaturetribblesmap.bsp'
BSP is version 29
--- LoadEntities ---
WARNING: entity at (1450 -302 32) (weapon_rocketlauncher) has "target" set to itself
WARNING: entity at (1450 -302 32) (weapon_rocketlauncher) has targetname "rocket_launcher1" which is not targetted by anything.
WARNING: entity at (1426 -285 32) (item_rockets) has "target" set to itself
WARNING: entity at (1426 -285 32) (item_rockets) has targetname "rocket_ammo1" which is not targetted by anything.
WARNING: entity at (1410 1004 32) (item_rockets) has "target" set to itself
WARNING: entity at (1410 1004 32) (item_rockets) has targetname "rocket_ammo2" which is not targetted by anything.
WARNING: entity at (-23 1020 32) (item_rockets) has "target" set to itself
WARNING: entity at (-23 1020 32) (item_rockets) has targetname "rocket_ammo3" which is not targetted by anything.
WARNING: entity at (-23 -254 32) (item_rockets) has "target" set to itself
WARNING: entity at (-23 -254 32) (item_rockets) has targetname "rocket_ammo4" which is not targetted by anything.
WARNING: entity at (1426 1061 32) (weapon_rocketlauncher) has "target" set to itself
WARNING: entity at (1426 1061 32) (weapon_rocketlauncher) has targetname "rocket_launcher2" which is not targetted by anything.
WARNING: entity at (-7 1070 32) (weapon_rocketlauncher) has "target" set to itself
WARNING: entity at (-7 -276 32) (weapon_rocketlauncher) has "target" set to itself
WARNING: entity at (652 906 32) (item_rockets) has "target" set to itself
WARNING: entity at (652 906 32) (item_rockets) has targetname "rocket_ammo5" which is not targetted by anything.
WARNING: entity at (761 906 32) (item_rockets) has "target" set to itself
WARNING: entity at (761 906 32) (item_rockets) has targetname "rocket_ammo6" which is not targetted by anything.
WARNING: entity at (761 -151 32) (item_rockets) has "target" set to itself
WARNING: entity at (761 -151 32) (item_rockets) has targetname "rocket_ammo7" which is not targetted by anything.
WARNING: entity at (652 -151 32) (item_rockets) has "target" set to itself
WARNING: entity at (652 -151 32) (item_rockets) has targetname "rocket_ammo8" which is not targetted by anything.
24 entities read, 0 are lights.
--- OptionsSummary ---
Embree_TraceInit: Embree version: 2.15.0
Embree_TraceInit:
	0 sky faces
	1733 solid faces
	0 filtered faces
	0 shadow-casting skip faces
SetupLights: 0 initial lights
SetupLights: 0 after surface lights
SetupLights: 0 after jittering
--- EstimateLightVisibility ---

Final count: 0 lights 0 suns in use.
--- LightWorld ---
0....1....2....3....4....5....6....7....8....9....
Lighting Completed.

lightdatasize: 0
0 switchable light styles (32 max)
Writing miniaturetribblesmap.bsp as BSP version 29
0.227 seconds elapsed

stats:
0.000000 lights tested, 0.000000 hits per sample point
0.000000 bounce lights tested, 0.000000 hits per sample point
0 empty lightmaps
